{"/Users/fellipeneves/Projects/Study/githubusers/__mock__/ImageMock.tsx": {"path":"/Users/fellipeneves/Projects/Study/githubusers/__mock__/ImageMock.tsx","statementMap":{},"fnMap":{},"branchMap":{},"s":{},"f":{},"b":{},"_coverageSchema":"1a1c01bbd47fc00a2c39e90264f33305004495a9","hash":"433fe8cc362c4b22cb47064bfa4516985b299f0a"}
,"/Users/fellipeneves/Projects/Study/githubusers/__mock__/userData.ts": {"path":"/Users/fellipeneves/Projects/Study/githubusers/__mock__/userData.ts","statementMap":{"0":{"start":{"line":1,"column":13},"end":{"line":37,"column":1}},"1":{"start":{"line":39,"column":19},"end":{"line":175,"column":1}}},"fnMap":{},"branchMap":{},"s":{"0":2,"1":2},"f":{},"b":{},"_coverageSchema":"1a1c01bbd47fc00a2c39e90264f33305004495a9","hash":"62d35aeba5c516af8272ce481c9b2e89b6fce743"}
,"/Users/fellipeneves/Projects/Study/githubusers/src/components/RepoCard/index.tsx": {"path":"/Users/fellipeneves/Projects/Study/githubusers/src/components/RepoCard/index.tsx","statementMap":{"0":{"start":{"line":30,"column":2},"end":{"line":68,"column":4}},"1":{"start":{"line":45,"column":12},"end":{"line":45,"column":75}}},"fnMap":{"0":{"name":"RepoCard","decl":{"start":{"line":29,"column":24},"end":{"line":29,"column":32}},"loc":{"start":{"line":29,"column":62},"end":{"line":69,"column":1}},"line":29},"1":{"name":"(anonymous_1)","decl":{"start":{"line":44,"column":33},"end":{"line":44,"column":34}},"loc":{"start":{"line":45,"column":12},"end":{"line":45,"column":75}},"line":45}},"branchMap":{"0":{"loc":{"start":{"line":42,"column":7},"end":{"line":48,"column":7}},"type":"binary-expr","locations":[{"start":{"line":42,"column":7},"end":{"line":42,"column":35}},{"start":{"line":43,"column":8},"end":{"line":47,"column":20}}],"line":42}},"s":{"0":2,"1":2},"f":{"0":2,"1":2},"b":{"0":[2,2]},"_coverageSchema":"1a1c01bbd47fc00a2c39e90264f33305004495a9","hash":"8a60bfe85a5ae90a8525eec5755a47830310d90d"}
,"/Users/fellipeneves/Projects/Study/githubusers/src/components/RepoCard/styles.ts": {"path":"/Users/fellipeneves/Projects/Study/githubusers/src/components/RepoCard/styles.ts","statementMap":{"0":{"start":{"line":7,"column":25},"end":{"line":16,"column":1}},"1":{"start":{"line":10,"column":35},"end":{"line":10,"column":58}},"2":{"start":{"line":18,"column":29},"end":{"line":24,"column":1}},"3":{"start":{"line":26,"column":24},"end":{"line":30,"column":1}},"4":{"start":{"line":32,"column":20},"end":{"line":38,"column":1}},"5":{"start":{"line":35,"column":24},"end":{"line":35,"column":44}},"6":{"start":{"line":36,"column":30},"end":{"line":36,"column":54}},"7":{"start":{"line":40,"column":26},"end":{"line":47,"column":1}},"8":{"start":{"line":49,"column":25},"end":{"line":55,"column":1}},"9":{"start":{"line":52,"column":24},"end":{"line":52,"column":44}},"10":{"start":{"line":53,"column":30},"end":{"line":53,"column":57}},"11":{"start":{"line":57,"column":27},"end":{"line":62,"column":1}},"12":{"start":{"line":64,"column":22},"end":{"line":70,"column":1}},"13":{"start":{"line":69,"column":24},"end":{"line":69,"column":58}},"14":{"start":{"line":72,"column":26},"end":{"line":78,"column":1}},"15":{"start":{"line":75,"column":24},"end":{"line":75,"column":46}},"16":{"start":{"line":76,"column":30},"end":{"line":76,"column":57}},"17":{"start":{"line":80,"column":25},"end":{"line":87,"column":1}}},"fnMap":{"0":{"name":"(anonymous_0)","decl":{"start":{"line":10,"column":22},"end":{"line":10,"column":23}},"loc":{"start":{"line":10,"column":35},"end":{"line":10,"column":58}},"line":10},"1":{"name":"(anonymous_1)","decl":{"start":{"line":35,"column":11},"end":{"line":35,"column":12}},"loc":{"start":{"line":35,"column":24},"end":{"line":35,"column":44}},"line":35},"2":{"name":"(anonymous_2)","decl":{"start":{"line":36,"column":17},"end":{"line":36,"column":18}},"loc":{"start":{"line":36,"column":30},"end":{"line":36,"column":54}},"line":36},"3":{"name":"(anonymous_3)","decl":{"start":{"line":52,"column":11},"end":{"line":52,"column":12}},"loc":{"start":{"line":52,"column":24},"end":{"line":52,"column":44}},"line":52},"4":{"name":"(anonymous_4)","decl":{"start":{"line":53,"column":17},"end":{"line":53,"column":18}},"loc":{"start":{"line":53,"column":30},"end":{"line":53,"column":57}},"line":53},"5":{"name":"(anonymous_5)","decl":{"start":{"line":69,"column":4},"end":{"line":69,"column":5}},"loc":{"start":{"line":69,"column":24},"end":{"line":69,"column":58}},"line":69},"6":{"name":"(anonymous_6)","decl":{"start":{"line":75,"column":11},"end":{"line":75,"column":12}},"loc":{"start":{"line":75,"column":24},"end":{"line":75,"column":46}},"line":75},"7":{"name":"(anonymous_7)","decl":{"start":{"line":76,"column":17},"end":{"line":76,"column":18}},"loc":{"start":{"line":76,"column":30},"end":{"line":76,"column":57}},"line":76}},"branchMap":{"0":{"loc":{"start":{"line":69,"column":24},"end":{"line":69,"column":58}},"type":"binary-expr","locations":[{"start":{"line":69,"column":24},"end":{"line":69,"column":36}},{"start":{"line":69,"column":40},"end":{"line":69,"column":58}}],"line":69}},"s":{"0":1,"1":2,"2":1,"3":1,"4":1,"5":2,"6":2,"7":1,"8":1,"9":2,"10":2,"11":1,"12":1,"13":8,"14":1,"15":8,"16":8,"17":1},"f":{"0":2,"1":2,"2":2,"3":2,"4":2,"5":8,"6":8,"7":8},"b":{"0":[8,2]},"_coverageSchema":"1a1c01bbd47fc00a2c39e90264f33305004495a9","hash":"20c048b0598e438fb76d127cee9c20ea53f4ff9a"}
,"/Users/fellipeneves/Projects/Study/githubusers/src/components/Topic/index.tsx": {"path":"/Users/fellipeneves/Projects/Study/githubusers/src/components/Topic/index.tsx","statementMap":{"0":{"start":{"line":20,"column":4},"end":{"line":29,"column":5}},"1":{"start":{"line":22,"column":8},"end":{"line":22,"column":52}},"2":{"start":{"line":24,"column":8},"end":{"line":24,"column":55}},"3":{"start":{"line":28,"column":8},"end":{"line":28,"column":21}},"4":{"start":{"line":33,"column":4},"end":{"line":35,"column":5}},"5":{"start":{"line":34,"column":6},"end":{"line":34,"column":24}},"6":{"start":{"line":36,"column":4},"end":{"line":36,"column":16}},"7":{"start":{"line":39,"column":2},"end":{"line":46,"column":4}}},"fnMap":{"0":{"name":"Topic","decl":{"start":{"line":18,"column":16},"end":{"line":18,"column":21}},"loc":{"start":{"line":18,"column":63},"end":{"line":47,"column":1}},"line":18},"1":{"name":"getIconType","decl":{"start":{"line":19,"column":11},"end":{"line":19,"column":22}},"loc":{"start":{"line":19,"column":25},"end":{"line":30,"column":3}},"line":19},"2":{"name":"nameTransform","decl":{"start":{"line":32,"column":11},"end":{"line":32,"column":24}},"loc":{"start":{"line":32,"column":27},"end":{"line":37,"column":3}},"line":32}},"branchMap":{"0":{"loc":{"start":{"line":20,"column":4},"end":{"line":29,"column":5}},"type":"switch","locations":[{"start":{"line":21,"column":6},"end":{"line":22,"column":52}},{"start":{"line":23,"column":6},"end":{"line":24,"column":55}},{"start":{"line":26,"column":6},"end":{"line":26,"column":27}},{"start":{"line":27,"column":6},"end":{"line":28,"column":21}}],"line":20},"1":{"loc":{"start":{"line":33,"column":4},"end":{"line":35,"column":5}},"type":"if","locations":[{"start":{"line":33,"column":4},"end":{"line":35,"column":5}},{"start":{},"end":{}}],"line":33}},"s":{"0":5,"1":1,"2":1,"3":3,"4":5,"5":3,"6":2,"7":5},"f":{"0":5,"1":5,"2":5},"b":{"0":[1,1,3,3],"1":[3,2]},"_coverageSchema":"1a1c01bbd47fc00a2c39e90264f33305004495a9","hash":"2fd3652f582dde99c1b752b7a1a1e1488faf88f4"}
,"/Users/fellipeneves/Projects/Study/githubusers/src/components/Topic/styles.ts": {"path":"/Users/fellipeneves/Projects/Study/githubusers/src/components/Topic/styles.ts","statementMap":{"0":{"start":{"line":7,"column":25},"end":{"line":16,"column":1}},"1":{"start":{"line":10,"column":35},"end":{"line":10,"column":53}},"2":{"start":{"line":18,"column":20},"end":{"line":24,"column":1}},"3":{"start":{"line":20,"column":24},"end":{"line":20,"column":44}},"4":{"start":{"line":21,"column":30},"end":{"line":21,"column":57}},"5":{"start":{"line":22,"column":35},"end":{"line":22,"column":65}}},"fnMap":{"0":{"name":"(anonymous_0)","decl":{"start":{"line":10,"column":22},"end":{"line":10,"column":23}},"loc":{"start":{"line":10,"column":35},"end":{"line":10,"column":53}},"line":10},"1":{"name":"(anonymous_1)","decl":{"start":{"line":20,"column":11},"end":{"line":20,"column":12}},"loc":{"start":{"line":20,"column":24},"end":{"line":20,"column":44}},"line":20},"2":{"name":"(anonymous_2)","decl":{"start":{"line":21,"column":17},"end":{"line":21,"column":18}},"loc":{"start":{"line":21,"column":30},"end":{"line":21,"column":57}},"line":21},"3":{"name":"(anonymous_3)","decl":{"start":{"line":22,"column":15},"end":{"line":22,"column":16}},"loc":{"start":{"line":22,"column":35},"end":{"line":22,"column":65}},"line":22}},"branchMap":{"0":{"loc":{"start":{"line":22,"column":35},"end":{"line":22,"column":65}},"type":"cond-expr","locations":[{"start":{"line":22,"column":49},"end":{"line":22,"column":56}},{"start":{"line":22,"column":59},"end":{"line":22,"column":65}}],"line":22}},"s":{"0":2,"1":5,"2":2,"3":5,"4":5,"5":5},"f":{"0":5,"1":5,"2":5,"3":5},"b":{"0":[3,2]},"_coverageSchema":"1a1c01bbd47fc00a2c39e90264f33305004495a9","hash":"08f3d7040191e834a2b52a695864e60f54864466"}
,"/Users/fellipeneves/Projects/Study/githubusers/src/components/UserCard/index.tsx": {"path":"/Users/fellipeneves/Projects/Study/githubusers/src/components/UserCard/index.tsx","statementMap":{"0":{"start":{"line":32,"column":23},"end":{"line":32,"column":33}},"1":{"start":{"line":33,"column":21},"end":{"line":33,"column":36}},"2":{"start":{"line":36,"column":4},"end":{"line":53,"column":6}},"3":{"start":{"line":49,"column":12},"end":{"line":49,"column":32}},"4":{"start":{"line":57,"column":4},"end":{"line":60,"column":7}},"5":{"start":{"line":63,"column":2},"end":{"line":104,"column":4}}},"fnMap":{"0":{"name":"UserCard","decl":{"start":{"line":31,"column":24},"end":{"line":31,"column":32}},"loc":{"start":{"line":31,"column":56},"end":{"line":105,"column":1}},"line":31},"1":{"name":"handleRemoveUser","decl":{"start":{"line":35,"column":11},"end":{"line":35,"column":27}},"loc":{"start":{"line":35,"column":30},"end":{"line":54,"column":3}},"line":35},"2":{"name":"(anonymous_2)","decl":{"start":{"line":43,"column":19},"end":{"line":43,"column":20}},"loc":{"start":{"line":43,"column":25},"end":{"line":43,"column":27}},"line":43},"3":{"name":"(anonymous_3)","decl":{"start":{"line":48,"column":19},"end":{"line":48,"column":20}},"loc":{"start":{"line":48,"column":25},"end":{"line":50,"column":11}},"line":48},"4":{"name":"navigateToRepositories","decl":{"start":{"line":56,"column":11},"end":{"line":56,"column":33}},"loc":{"start":{"line":56,"column":36},"end":{"line":61,"column":3}},"line":56}},"branchMap":{"0":{"loc":{"start":{"line":75,"column":21},"end":{"line":75,"column":55}},"type":"cond-expr","locations":[{"start":{"line":75,"column":33},"end":{"line":75,"column":42}},{"start":{"line":75,"column":45},"end":{"line":75,"column":55}}],"line":75},"1":{"loc":{"start":{"line":89,"column":13},"end":{"line":89,"column":46}},"type":"cond-expr","locations":[{"start":{"line":89,"column":28},"end":{"line":89,"column":40}},{"start":{"line":89,"column":43},"end":{"line":89,"column":46}}],"line":89},"2":{"loc":{"start":{"line":95,"column":13},"end":{"line":95,"column":48}},"type":"cond-expr","locations":[{"start":{"line":95,"column":29},"end":{"line":95,"column":42}},{"start":{"line":95,"column":45},"end":{"line":95,"column":48}}],"line":95}},"s":{"0":2,"1":2,"2":0,"3":0,"4":0,"5":2},"f":{"0":2,"1":0,"2":0,"3":0,"4":0},"b":{"0":[2,0],"1":[2,0],"2":[2,0]},"_coverageSchema":"1a1c01bbd47fc00a2c39e90264f33305004495a9","hash":"ad0cdf142bfe2da770a27f0c89dbec6d58fd0b7a"}
,"/Users/fellipeneves/Projects/Study/githubusers/src/components/UserCard/styles.ts": {"path":"/Users/fellipeneves/Projects/Study/githubusers/src/components/UserCard/styles.ts","statementMap":{"0":{"start":{"line":3,"column":25},"end":{"line":12,"column":1}},"1":{"start":{"line":6,"column":35},"end":{"line":6,"column":58}},"2":{"start":{"line":14,"column":29},"end":{"line":19,"column":1}},"3":{"start":{"line":21,"column":27},"end":{"line":25,"column":1}},"4":{"start":{"line":27,"column":30},"end":{"line":31,"column":1}},"5":{"start":{"line":33,"column":22},"end":{"line":37,"column":1}},"6":{"start":{"line":39,"column":24},"end":{"line":44,"column":1}},"7":{"start":{"line":46,"column":20},"end":{"line":52,"column":1}},"8":{"start":{"line":49,"column":24},"end":{"line":49,"column":44}},"9":{"start":{"line":50,"column":30},"end":{"line":50,"column":54}},"10":{"start":{"line":54,"column":24},"end":{"line":59,"column":1}},"11":{"start":{"line":57,"column":24},"end":{"line":57,"column":44}},"12":{"start":{"line":58,"column":30},"end":{"line":58,"column":57}},"13":{"start":{"line":61,"column":25},"end":{"line":67,"column":1}},"14":{"start":{"line":69,"column":21},"end":{"line":73,"column":1}},"15":{"start":{"line":75,"column":32},"end":{"line":81,"column":1}},"16":{"start":{"line":78,"column":24},"end":{"line":78,"column":46}},"17":{"start":{"line":79,"column":30},"end":{"line":79,"column":57}},"18":{"start":{"line":83,"column":28},"end":{"line":90,"column":1}},"19":{"start":{"line":89,"column":35},"end":{"line":89,"column":68}}},"fnMap":{"0":{"name":"(anonymous_0)","decl":{"start":{"line":6,"column":22},"end":{"line":6,"column":23}},"loc":{"start":{"line":6,"column":35},"end":{"line":6,"column":58}},"line":6},"1":{"name":"(anonymous_1)","decl":{"start":{"line":49,"column":11},"end":{"line":49,"column":12}},"loc":{"start":{"line":49,"column":24},"end":{"line":49,"column":44}},"line":49},"2":{"name":"(anonymous_2)","decl":{"start":{"line":50,"column":17},"end":{"line":50,"column":18}},"loc":{"start":{"line":50,"column":30},"end":{"line":50,"column":54}},"line":50},"3":{"name":"(anonymous_3)","decl":{"start":{"line":57,"column":11},"end":{"line":57,"column":12}},"loc":{"start":{"line":57,"column":24},"end":{"line":57,"column":44}},"line":57},"4":{"name":"(anonymous_4)","decl":{"start":{"line":58,"column":17},"end":{"line":58,"column":18}},"loc":{"start":{"line":58,"column":30},"end":{"line":58,"column":57}},"line":58},"5":{"name":"(anonymous_5)","decl":{"start":{"line":78,"column":11},"end":{"line":78,"column":12}},"loc":{"start":{"line":78,"column":24},"end":{"line":78,"column":46}},"line":78},"6":{"name":"(anonymous_6)","decl":{"start":{"line":79,"column":17},"end":{"line":79,"column":18}},"loc":{"start":{"line":79,"column":30},"end":{"line":79,"column":57}},"line":79},"7":{"name":"(anonymous_7)","decl":{"start":{"line":89,"column":22},"end":{"line":89,"column":23}},"loc":{"start":{"line":89,"column":35},"end":{"line":89,"column":68}},"line":89}},"branchMap":{},"s":{"0":1,"1":2,"2":1,"3":1,"4":1,"5":1,"6":1,"7":1,"8":2,"9":2,"10":1,"11":2,"12":2,"13":1,"14":1,"15":1,"16":6,"17":6,"18":1,"19":2},"f":{"0":2,"1":2,"2":2,"3":2,"4":2,"5":6,"6":6,"7":2},"b":{},"_coverageSchema":"1a1c01bbd47fc00a2c39e90264f33305004495a9","hash":"7a459302952a3ce4673589ac0b42feb934fa04a9"}
,"/Users/fellipeneves/Projects/Study/githubusers/src/contexts/UsersProvider.tsx": {"path":"/Users/fellipeneves/Projects/Study/githubusers/src/contexts/UsersProvider.tsx","statementMap":{"0":{"start":{"line":23,"column":21},"end":{"line":23,"column":76}},"1":{"start":{"line":26,"column":28},"end":{"line":26,"column":51}},"2":{"start":{"line":27,"column":42},"end":{"line":27,"column":56}},"3":{"start":{"line":28,"column":27},"end":{"line":28,"column":40}},"4":{"start":{"line":31,"column":4},"end":{"line":39,"column":5}},"5":{"start":{"line":32,"column":27},"end":{"line":32,"column":72}},"6":{"start":{"line":33,"column":6},"end":{"line":35,"column":7}},"7":{"start":{"line":34,"column":8},"end":{"line":34,"column":56}},"8":{"start":{"line":36,"column":6},"end":{"line":36,"column":29}},"9":{"start":{"line":38,"column":6},"end":{"line":38,"column":59}},"10":{"start":{"line":42,"column":2},"end":{"line":44,"column":9}},"11":{"start":{"line":43,"column":4},"end":{"line":43,"column":22}},"12":{"start":{"line":47,"column":4},"end":{"line":47,"column":52}},"13":{"start":{"line":47,"column":30},"end":{"line":47,"column":50}},"14":{"start":{"line":55,"column":4},"end":{"line":86,"column":5}},"15":{"start":{"line":56,"column":6},"end":{"line":83,"column":7}},"16":{"start":{"line":57,"column":31},"end":{"line":60,"column":10}},"17":{"start":{"line":62,"column":8},"end":{"line":77,"column":9}},"18":{"start":{"line":63,"column":30},"end":{"line":63,"column":61}},"19":{"start":{"line":64,"column":10},"end":{"line":64,"column":32}},"20":{"start":{"line":65,"column":10},"end":{"line":68,"column":12}},"21":{"start":{"line":69,"column":10},"end":{"line":71,"column":11}},"22":{"start":{"line":70,"column":12},"end":{"line":70,"column":30}},"23":{"start":{"line":73,"column":10},"end":{"line":73,"column":54}},"24":{"start":{"line":74,"column":10},"end":{"line":76,"column":11}},"25":{"start":{"line":75,"column":12},"end":{"line":75,"column":28}},"26":{"start":{"line":79,"column":8},"end":{"line":79,"column":65}},"27":{"start":{"line":80,"column":8},"end":{"line":82,"column":9}},"28":{"start":{"line":81,"column":10},"end":{"line":81,"column":26}},"29":{"start":{"line":85,"column":6},"end":{"line":85,"column":60}},"30":{"start":{"line":90,"column":4},"end":{"line":99,"column":5}},"31":{"start":{"line":91,"column":28},"end":{"line":91,"column":64}},"32":{"start":{"line":91,"column":49},"end":{"line":91,"column":63}},"33":{"start":{"line":92,"column":6},"end":{"line":92,"column":30}},"34":{"start":{"line":93,"column":6},"end":{"line":96,"column":8}},"35":{"start":{"line":98,"column":6},"end":{"line":98,"column":65}},"36":{"start":{"line":102,"column":2},"end":{"line":106,"column":4}}},"fnMap":{"0":{"name":"UsersProvider","decl":{"start":{"line":25,"column":9},"end":{"line":25,"column":22}},"loc":{"start":{"line":25,"column":54},"end":{"line":107,"column":1}},"line":25},"1":{"name":"getStorageUsers","decl":{"start":{"line":30,"column":17},"end":{"line":30,"column":32}},"loc":{"start":{"line":30,"column":35},"end":{"line":40,"column":3}},"line":30},"2":{"name":"(anonymous_2)","decl":{"start":{"line":42,"column":12},"end":{"line":42,"column":13}},"loc":{"start":{"line":42,"column":18},"end":{"line":44,"column":3}},"line":42},"3":{"name":"checkUserAlreadyAdded","decl":{"start":{"line":46,"column":11},"end":{"line":46,"column":32}},"loc":{"start":{"line":46,"column":48},"end":{"line":48,"column":3}},"line":46},"4":{"name":"(anonymous_4)","decl":{"start":{"line":47,"column":22},"end":{"line":47,"column":23}},"loc":{"start":{"line":47,"column":30},"end":{"line":47,"column":50}},"line":47},"5":{"name":"addUser","decl":{"start":{"line":50,"column":17},"end":{"line":50,"column":24}},"loc":{"start":{"line":54,"column":19},"end":{"line":87,"column":3}},"line":54},"6":{"name":"removeUser","decl":{"start":{"line":89,"column":17},"end":{"line":89,"column":27}},"loc":{"start":{"line":89,"column":55},"end":{"line":100,"column":3}},"line":89},"7":{"name":"(anonymous_7)","decl":{"start":{"line":91,"column":41},"end":{"line":91,"column":42}},"loc":{"start":{"line":91,"column":49},"end":{"line":91,"column":63}},"line":91}},"branchMap":{"0":{"loc":{"start":{"line":33,"column":6},"end":{"line":35,"column":7}},"type":"if","locations":[{"start":{"line":33,"column":6},"end":{"line":35,"column":7}},{"start":{},"end":{}}],"line":33},"1":{"loc":{"start":{"line":56,"column":6},"end":{"line":83,"column":7}},"type":"if","locations":[{"start":{"line":56,"column":6},"end":{"line":83,"column":7}},{"start":{"line":78,"column":13},"end":{"line":83,"column":7}}],"line":56},"2":{"loc":{"start":{"line":62,"column":8},"end":{"line":77,"column":9}},"type":"if","locations":[{"start":{"line":62,"column":8},"end":{"line":77,"column":9}},{"start":{"line":72,"column":15},"end":{"line":77,"column":9}}],"line":62},"3":{"loc":{"start":{"line":69,"column":10},"end":{"line":71,"column":11}},"type":"if","locations":[{"start":{"line":69,"column":10},"end":{"line":71,"column":11}},{"start":{},"end":{}}],"line":69},"4":{"loc":{"start":{"line":74,"column":10},"end":{"line":76,"column":11}},"type":"if","locations":[{"start":{"line":74,"column":10},"end":{"line":76,"column":11}},{"start":{},"end":{}}],"line":74},"5":{"loc":{"start":{"line":80,"column":8},"end":{"line":82,"column":9}},"type":"if","locations":[{"start":{"line":80,"column":8},"end":{"line":82,"column":9}},{"start":{},"end":{}}],"line":80}},"s":{"0":1,"1":0,"2":0,"3":0,"4":0,"5":0,"6":0,"7":0,"8":0,"9":0,"10":0,"11":0,"12":0,"13":0,"14":0,"15":0,"16":0,"17":0,"18":0,"19":0,"20":0,"21":0,"22":0,"23":0,"24":0,"25":0,"26":0,"27":0,"28":0,"29":0,"30":0,"31":0,"32":0,"33":0,"34":0,"35":0,"36":0},"f":{"0":0,"1":0,"2":0,"3":0,"4":0,"5":0,"6":0,"7":0},"b":{"0":[0,0],"1":[0,0],"2":[0,0],"3":[0,0],"4":[0,0],"5":[0,0]},"_coverageSchema":"1a1c01bbd47fc00a2c39e90264f33305004495a9","hash":"7ffbcb00bcaa47d448f390acb8a2474c8b93ccc5"}
,"/Users/fellipeneves/Projects/Study/githubusers/src/global/styles/theme.ts": {"path":"/Users/fellipeneves/Projects/Study/githubusers/src/global/styles/theme.ts","statementMap":{"0":{"start":{"line":1,"column":25},"end":{"line":18,"column":1}}},"fnMap":{},"branchMap":{},"s":{"0":3},"f":{},"b":{},"_coverageSchema":"1a1c01bbd47fc00a2c39e90264f33305004495a9","hash":"c232a09b7b895904a5d49471e81240769dc173a0"}
,"/Users/fellipeneves/Projects/Study/githubusers/src/hooks/useEventLog.tsx": {"path":"/Users/fellipeneves/Projects/Study/githubusers/src/hooks/useEventLog.tsx","statementMap":{"0":{"start":{"line":7,"column":4},"end":{"line":7,"column":34}},"1":{"start":{"line":8,"column":4},"end":{"line":8,"column":37}},"2":{"start":{"line":12,"column":4},"end":{"line":12,"column":35}},"3":{"start":{"line":13,"column":4},"end":{"line":13,"column":35}},"4":{"start":{"line":17,"column":4},"end":{"line":17,"column":43}},"5":{"start":{"line":18,"column":4},"end":{"line":18,"column":41}},"6":{"start":{"line":21,"column":2},"end":{"line":25,"column":4}}},"fnMap":{"0":{"name":"useEventLog","decl":{"start":{"line":5,"column":9},"end":{"line":5,"column":20}},"loc":{"start":{"line":5,"column":23},"end":{"line":26,"column":1}},"line":5},"1":{"name":"sendFirebaseEventError","decl":{"start":{"line":6,"column":11},"end":{"line":6,"column":33}},"loc":{"start":{"line":6,"column":66},"end":{"line":9,"column":3}},"line":6},"2":{"name":"sendSentryEventError","decl":{"start":{"line":11,"column":11},"end":{"line":11,"column":31}},"loc":{"start":{"line":11,"column":61},"end":{"line":14,"column":3}},"line":11},"3":{"name":"sendErrorEvent","decl":{"start":{"line":16,"column":11},"end":{"line":16,"column":25}},"loc":{"start":{"line":16,"column":55},"end":{"line":19,"column":3}},"line":16}},"branchMap":{},"s":{"0":0,"1":0,"2":0,"3":0,"4":0,"5":0,"6":0},"f":{"0":0,"1":0,"2":0,"3":0},"b":{},"_coverageSchema":"1a1c01bbd47fc00a2c39e90264f33305004495a9","hash":"9a8088c5fe48e5b5325d19c93d4dda4bb05a243f"}
,"/Users/fellipeneves/Projects/Study/githubusers/src/hooks/useUsers.tsx": {"path":"/Users/fellipeneves/Projects/Study/githubusers/src/hooks/useUsers.tsx","statementMap":{"0":{"start":{"line":5,"column":2},"end":{"line":5,"column":34}}},"fnMap":{"0":{"name":"useUsers","decl":{"start":{"line":4,"column":9},"end":{"line":4,"column":17}},"loc":{"start":{"line":4,"column":20},"end":{"line":6,"column":1}},"line":4}},"branchMap":{},"s":{"0":2},"f":{"0":2},"b":{},"_coverageSchema":"1a1c01bbd47fc00a2c39e90264f33305004495a9","hash":"9485aa29976b7a9f0d3f7038625e17c14c75943d"}
,"/Users/fellipeneves/Projects/Study/githubusers/src/services/api.ts": {"path":"/Users/fellipeneves/Projects/Study/githubusers/src/services/api.ts","statementMap":{"0":{"start":{"line":13,"column":19},"end":{"line":15,"column":2}},"1":{"start":{"line":17,"column":21},"end":{"line":22,"column":1}},"2":{"start":{"line":25,"column":2},"end":{"line":25,"column":33}},"3":{"start":{"line":26,"column":2},"end":{"line":26,"column":33}},"4":{"start":{"line":27,"column":2},"end":{"line":27,"column":29}},"5":{"start":{"line":28,"column":2},"end":{"line":28,"column":35}},"6":{"start":{"line":34,"column":2},"end":{"line":58,"column":3}},"7":{"start":{"line":35,"column":21},"end":{"line":35,"column":49}},"8":{"start":{"line":36,"column":4},"end":{"line":43,"column":5}},"9":{"start":{"line":37,"column":6},"end":{"line":42,"column":8}},"10":{"start":{"line":45,"column":4},"end":{"line":45,"column":24}},"11":{"start":{"line":47,"column":4},"end":{"line":47,"column":50}},"12":{"start":{"line":48,"column":4},"end":{"line":55,"column":5}},"13":{"start":{"line":49,"column":6},"end":{"line":54,"column":8}},"14":{"start":{"line":57,"column":4},"end":{"line":57,"column":24}}},"fnMap":{"0":{"name":"sendErrors","decl":{"start":{"line":24,"column":9},"end":{"line":24,"column":19}},"loc":{"start":{"line":24,"column":48},"end":{"line":29,"column":1}},"line":24},"1":{"name":"apiCall","decl":{"start":{"line":31,"column":22},"end":{"line":31,"column":29}},"loc":{"start":{"line":33,"column":25},"end":{"line":59,"column":1}},"line":33}},"branchMap":{"0":{"loc":{"start":{"line":36,"column":4},"end":{"line":43,"column":5}},"type":"if","locations":[{"start":{"line":36,"column":4},"end":{"line":43,"column":5}},{"start":{},"end":{}}],"line":36},"1":{"loc":{"start":{"line":48,"column":4},"end":{"line":55,"column":5}},"type":"if","locations":[{"start":{"line":48,"column":4},"end":{"line":55,"column":5}},{"start":{},"end":{}}],"line":48}},"s":{"0":1,"1":1,"2":0,"3":0,"4":0,"5":0,"6":0,"7":0,"8":0,"9":0,"10":0,"11":0,"12":0,"13":0,"14":0},"f":{"0":0,"1":0},"b":{"0":[0,0],"1":[0,0]},"_coverageSchema":"1a1c01bbd47fc00a2c39e90264f33305004495a9","hash":"f197cb44aee58f6287311cbe8e76eb736a65258c"}
}
