{"/Users/fellipeneves/Projects/Study/githubusers/__mock__/ImageMock.tsx": {"path":"/Users/fellipeneves/Projects/Study/githubusers/__mock__/ImageMock.tsx","statementMap":{},"fnMap":{},"branchMap":{},"s":{},"f":{},"b":{},"_coverageSchema":"1a1c01bbd47fc00a2c39e90264f33305004495a9","hash":"433fe8cc362c4b22cb47064bfa4516985b299f0a"}
,"/Users/fellipeneves/Projects/Study/githubusers/src/components/Topic/index.tsx": {"path":"/Users/fellipeneves/Projects/Study/githubusers/src/components/Topic/index.tsx","statementMap":{"0":{"start":{"line":20,"column":4},"end":{"line":29,"column":5}},"1":{"start":{"line":22,"column":8},"end":{"line":22,"column":52}},"2":{"start":{"line":24,"column":8},"end":{"line":24,"column":55}},"3":{"start":{"line":28,"column":8},"end":{"line":28,"column":21}},"4":{"start":{"line":33,"column":4},"end":{"line":35,"column":5}},"5":{"start":{"line":34,"column":6},"end":{"line":34,"column":24}},"6":{"start":{"line":36,"column":4},"end":{"line":36,"column":16}},"7":{"start":{"line":39,"column":2},"end":{"line":46,"column":4}}},"fnMap":{"0":{"name":"Topic","decl":{"start":{"line":18,"column":16},"end":{"line":18,"column":21}},"loc":{"start":{"line":18,"column":63},"end":{"line":47,"column":1}},"line":18},"1":{"name":"getIconType","decl":{"start":{"line":19,"column":11},"end":{"line":19,"column":22}},"loc":{"start":{"line":19,"column":25},"end":{"line":30,"column":3}},"line":19},"2":{"name":"nameTransform","decl":{"start":{"line":32,"column":11},"end":{"line":32,"column":24}},"loc":{"start":{"line":32,"column":27},"end":{"line":37,"column":3}},"line":32}},"branchMap":{"0":{"loc":{"start":{"line":20,"column":4},"end":{"line":29,"column":5}},"type":"switch","locations":[{"start":{"line":21,"column":6},"end":{"line":22,"column":52}},{"start":{"line":23,"column":6},"end":{"line":24,"column":55}},{"start":{"line":26,"column":6},"end":{"line":26,"column":27}},{"start":{"line":27,"column":6},"end":{"line":28,"column":21}}],"line":20},"1":{"loc":{"start":{"line":33,"column":4},"end":{"line":35,"column":5}},"type":"if","locations":[{"start":{"line":33,"column":4},"end":{"line":35,"column":5}},{"start":{},"end":{}}],"line":33}},"s":{"0":3,"1":1,"2":1,"3":1,"4":3,"5":1,"6":2,"7":3},"f":{"0":3,"1":3,"2":3},"b":{"0":[1,1,1,1],"1":[1,2]},"_coverageSchema":"1a1c01bbd47fc00a2c39e90264f33305004495a9","hash":"2fd3652f582dde99c1b752b7a1a1e1488faf88f4"}
,"/Users/fellipeneves/Projects/Study/githubusers/src/components/Topic/styles.ts": {"path":"/Users/fellipeneves/Projects/Study/githubusers/src/components/Topic/styles.ts","statementMap":{"0":{"start":{"line":7,"column":25},"end":{"line":16,"column":1}},"1":{"start":{"line":10,"column":35},"end":{"line":10,"column":53}},"2":{"start":{"line":18,"column":20},"end":{"line":24,"column":1}},"3":{"start":{"line":20,"column":24},"end":{"line":20,"column":44}},"4":{"start":{"line":21,"column":30},"end":{"line":21,"column":57}},"5":{"start":{"line":22,"column":35},"end":{"line":22,"column":65}}},"fnMap":{"0":{"name":"(anonymous_0)","decl":{"start":{"line":10,"column":22},"end":{"line":10,"column":23}},"loc":{"start":{"line":10,"column":35},"end":{"line":10,"column":53}},"line":10},"1":{"name":"(anonymous_1)","decl":{"start":{"line":20,"column":11},"end":{"line":20,"column":12}},"loc":{"start":{"line":20,"column":24},"end":{"line":20,"column":44}},"line":20},"2":{"name":"(anonymous_2)","decl":{"start":{"line":21,"column":17},"end":{"line":21,"column":18}},"loc":{"start":{"line":21,"column":30},"end":{"line":21,"column":57}},"line":21},"3":{"name":"(anonymous_3)","decl":{"start":{"line":22,"column":15},"end":{"line":22,"column":16}},"loc":{"start":{"line":22,"column":35},"end":{"line":22,"column":65}},"line":22}},"branchMap":{"0":{"loc":{"start":{"line":22,"column":35},"end":{"line":22,"column":65}},"type":"cond-expr","locations":[{"start":{"line":22,"column":49},"end":{"line":22,"column":56}},{"start":{"line":22,"column":59},"end":{"line":22,"column":65}}],"line":22}},"s":{"0":1,"1":3,"2":1,"3":3,"4":3,"5":3},"f":{"0":3,"1":3,"2":3,"3":3},"b":{"0":[1,2]},"_coverageSchema":"1a1c01bbd47fc00a2c39e90264f33305004495a9","hash":"08f3d7040191e834a2b52a695864e60f54864466"}
,"/Users/fellipeneves/Projects/Study/githubusers/src/global/styles/theme.ts": {"path":"/Users/fellipeneves/Projects/Study/githubusers/src/global/styles/theme.ts","statementMap":{"0":{"start":{"line":1,"column":25},"end":{"line":18,"column":1}}},"fnMap":{},"branchMap":{},"s":{"0":1},"f":{},"b":{},"_coverageSchema":"1a1c01bbd47fc00a2c39e90264f33305004495a9","hash":"c232a09b7b895904a5d49471e81240769dc173a0"}
}
