TN:
SF:__mock__/ImageMock.tsx
FNF:0
FNH:0
LF:0
LH:0
BRF:0
BRH:0
end_of_record
TN:
SF:src/components/Topic/index.tsx
FN:18,Topic
FN:19,getIconType
FN:32,nameTransform
FNF:3
FNH:3
FNDA:3,Topic
FNDA:3,getIconType
FNDA:3,nameTransform
DA:20,3
DA:22,1
DA:24,1
DA:28,1
DA:33,3
DA:34,1
DA:36,2
DA:39,3
LF:8
LH:8
BRDA:20,0,0,1
BRDA:20,0,1,1
BRDA:20,0,2,1
BRDA:20,0,3,1
BRDA:33,1,0,1
BRDA:33,1,1,2
BRF:6
BRH:6
end_of_record
TN:
SF:src/components/Topic/styles.ts
FN:10,(anonymous_0)
FN:20,(anonymous_1)
FN:21,(anonymous_2)
FN:22,(anonymous_3)
FNF:4
FNH:4
FNDA:3,(anonymous_0)
FNDA:3,(anonymous_1)
FNDA:3,(anonymous_2)
FNDA:3,(anonymous_3)
DA:7,1
DA:10,3
DA:18,1
DA:20,3
DA:21,3
DA:22,3
LF:6
LH:6
BRDA:22,0,0,1
BRDA:22,0,1,2
BRF:2
BRH:2
end_of_record
TN:
SF:src/global/styles/theme.ts
FNF:0
FNH:0
DA:1,1
LF:1
LH:1
BRF:0
BRH:0
end_of_record
