TN:
SF:__mock__/ImageMock.tsx
FNF:0
FNH:0
LF:0
LH:0
BRF:0
BRH:0
end_of_record
TN:
SF:__mock__/userData.ts
FNF:0
FNH:0
DA:1,2
DA:39,2
LF:2
LH:2
BRF:0
BRH:0
end_of_record
TN:
SF:src/components/RepoCard/index.tsx
FN:29,RepoCard
FN:44,(anonymous_1)
FNF:2
FNH:2
FNDA:2,RepoCard
FNDA:2,(anonymous_1)
DA:30,2
DA:45,2
LF:2
LH:2
BRDA:42,0,0,2
BRDA:42,0,1,2
BRF:2
BRH:2
end_of_record
TN:
SF:src/components/RepoCard/styles.ts
FN:10,(anonymous_0)
FN:35,(anonymous_1)
FN:36,(anonymous_2)
FN:52,(anonymous_3)
FN:53,(anonymous_4)
FN:69,(anonymous_5)
FN:75,(anonymous_6)
FN:76,(anonymous_7)
FNF:8
FNH:8
FNDA:2,(anonymous_0)
FNDA:2,(anonymous_1)
FNDA:2,(anonymous_2)
FNDA:2,(anonymous_3)
FNDA:2,(anonymous_4)
FNDA:8,(anonymous_5)
FNDA:8,(anonymous_6)
FNDA:8,(anonymous_7)
DA:7,1
DA:10,2
DA:18,1
DA:26,1
DA:32,1
DA:35,2
DA:36,2
DA:40,1
DA:49,1
DA:52,2
DA:53,2
DA:57,1
DA:64,1
DA:69,8
DA:72,1
DA:75,8
DA:76,8
DA:80,1
LF:18
LH:18
BRDA:69,0,0,8
BRDA:69,0,1,2
BRF:2
BRH:2
end_of_record
TN:
SF:src/components/Topic/index.tsx
FN:18,Topic
FN:19,getIconType
FN:32,nameTransform
FNF:3
FNH:3
FNDA:5,Topic
FNDA:5,getIconType
FNDA:5,nameTransform
DA:20,5
DA:22,1
DA:24,1
DA:28,3
DA:33,5
DA:34,3
DA:36,2
DA:39,5
LF:8
LH:8
BRDA:20,0,0,1
BRDA:20,0,1,1
BRDA:20,0,2,3
BRDA:20,0,3,3
BRDA:33,1,0,3
BRDA:33,1,1,2
BRF:6
BRH:6
end_of_record
TN:
SF:src/components/Topic/styles.ts
FN:10,(anonymous_0)
FN:20,(anonymous_1)
FN:21,(anonymous_2)
FN:22,(anonymous_3)
FNF:4
FNH:4
FNDA:5,(anonymous_0)
FNDA:5,(anonymous_1)
FNDA:5,(anonymous_2)
FNDA:5,(anonymous_3)
DA:7,2
DA:10,5
DA:18,2
DA:20,5
DA:21,5
DA:22,5
LF:6
LH:6
BRDA:22,0,0,3
BRDA:22,0,1,2
BRF:2
BRH:2
end_of_record
TN:
SF:src/components/UserCard/index.tsx
FN:31,UserCard
FN:35,handleRemoveUser
FN:43,(anonymous_2)
FN:48,(anonymous_3)
FN:56,navigateToRepositories
FNF:5
FNH:1
FNDA:2,UserCard
FNDA:0,handleRemoveUser
FNDA:0,(anonymous_2)
FNDA:0,(anonymous_3)
FNDA:0,navigateToRepositories
DA:32,2
DA:33,2
DA:36,0
DA:49,0
DA:57,0
DA:63,2
LF:6
LH:3
BRDA:75,0,0,2
BRDA:75,0,1,0
BRDA:89,1,0,2
BRDA:89,1,1,0
BRDA:95,2,0,2
BRDA:95,2,1,0
BRF:6
BRH:3
end_of_record
TN:
SF:src/components/UserCard/styles.ts
FN:6,(anonymous_0)
FN:49,(anonymous_1)
FN:50,(anonymous_2)
FN:57,(anonymous_3)
FN:58,(anonymous_4)
FN:78,(anonymous_5)
FN:79,(anonymous_6)
FN:89,(anonymous_7)
FNF:8
FNH:8
FNDA:2,(anonymous_0)
FNDA:2,(anonymous_1)
FNDA:2,(anonymous_2)
FNDA:2,(anonymous_3)
FNDA:2,(anonymous_4)
FNDA:6,(anonymous_5)
FNDA:6,(anonymous_6)
FNDA:2,(anonymous_7)
DA:3,1
DA:6,2
DA:14,1
DA:21,1
DA:27,1
DA:33,1
DA:39,1
DA:46,1
DA:49,2
DA:50,2
DA:54,1
DA:57,2
DA:58,2
DA:61,1
DA:69,1
DA:75,1
DA:78,6
DA:79,6
DA:83,1
DA:89,2
LF:20
LH:20
BRF:0
BRH:0
end_of_record
TN:
SF:src/contexts/UsersProvider.tsx
FN:25,UsersProvider
FN:30,getStorageUsers
FN:42,(anonymous_2)
FN:46,checkUserAlreadyAdded
FN:47,(anonymous_4)
FN:50,addUser
FN:89,removeUser
FN:91,(anonymous_7)
FNF:8
FNH:0
FNDA:0,UsersProvider
FNDA:0,getStorageUsers
FNDA:0,(anonymous_2)
FNDA:0,checkUserAlreadyAdded
FNDA:0,(anonymous_4)
FNDA:0,addUser
FNDA:0,removeUser
FNDA:0,(anonymous_7)
DA:23,1
DA:26,0
DA:27,0
DA:28,0
DA:31,0
DA:32,0
DA:33,0
DA:34,0
DA:36,0
DA:38,0
DA:42,0
DA:43,0
DA:47,0
DA:55,0
DA:56,0
DA:57,0
DA:62,0
DA:63,0
DA:64,0
DA:65,0
DA:69,0
DA:70,0
DA:73,0
DA:74,0
DA:75,0
DA:79,0
DA:80,0
DA:81,0
DA:85,0
DA:90,0
DA:91,0
DA:92,0
DA:93,0
DA:98,0
DA:102,0
LF:35
LH:1
BRDA:33,0,0,0
BRDA:33,0,1,0
BRDA:56,1,0,0
BRDA:56,1,1,0
BRDA:62,2,0,0
BRDA:62,2,1,0
BRDA:69,3,0,0
BRDA:69,3,1,0
BRDA:74,4,0,0
BRDA:74,4,1,0
BRDA:80,5,0,0
BRDA:80,5,1,0
BRF:12
BRH:0
end_of_record
TN:
SF:src/global/styles/theme.ts
FNF:0
FNH:0
DA:1,3
LF:1
LH:1
BRF:0
BRH:0
end_of_record
TN:
SF:src/hooks/useEventLog.tsx
FN:5,useEventLog
FN:6,sendFirebaseEventError
FN:11,sendSentryEventError
FN:16,sendErrorEvent
FNF:4
FNH:0
FNDA:0,useEventLog
FNDA:0,sendFirebaseEventError
FNDA:0,sendSentryEventError
FNDA:0,sendErrorEvent
DA:7,0
DA:8,0
DA:12,0
DA:13,0
DA:17,0
DA:18,0
DA:21,0
LF:7
LH:0
BRF:0
BRH:0
end_of_record
TN:
SF:src/hooks/useUsers.tsx
FN:4,useUsers
FNF:1
FNH:1
FNDA:2,useUsers
DA:5,2
LF:1
LH:1
BRF:0
BRH:0
end_of_record
TN:
SF:src/services/api.ts
FN:24,sendErrors
FN:31,apiCall
FNF:2
FNH:0
FNDA:0,sendErrors
FNDA:0,apiCall
DA:13,1
DA:17,1
DA:25,0
DA:26,0
DA:27,0
DA:28,0
DA:34,0
DA:35,0
DA:36,0
DA:37,0
DA:45,0
DA:47,0
DA:48,0
DA:49,0
DA:57,0
LF:15
LH:2
BRDA:36,0,0,0
BRDA:36,0,1,0
BRDA:48,1,0,0
BRDA:48,1,1,0
BRF:4
BRH:0
end_of_record
